<?xml version="1.0" encoding="UTF-8"?>
<!-- Generated by org.testng.reporters.JUnitReportReporter -->
<testsuite hostname="SK-SYS-043" name="pak.MOBFPendingOrder" tests="12" failures="0" timestamp="2 Feb 2016 07:49:27 GMT" time="87.439" errors="0">
  <testcase name="DATEvalidation" time="4.878" classname="pak.MOBFPendingOrder"/>
  <testcase name="OrderCountPO" time="6.361" classname="pak.MOBFPendingOrder"/>
  <testcase name="UrgentOrder" time="0.131" classname="pak.MOBFPendingOrder"/>
  <testcase name="SWIPE" time="4.278" classname="pak.MOBFPendingOrder"/>
  <testcase name="PRICEvalidation" time="4.901" classname="pak.MOBFPendingOrder"/>
  <testcase name="Navigation" time="20.960" classname="pak.MOBFPendingOrder"/>
  <testcase name="NARROWBY" time="9.076" classname="pak.MOBFPendingOrder"/>
  <testcase name="QTYvalidation" time="4.889" classname="pak.MOBFPendingOrder"/>
  <testcase name="SORTBY" time="2.899" classname="pak.MOBFPendingOrder"/>
  <testcase name="ORDERvalidation" time="4.767" classname="pak.MOBFPendingOrder"/>
  <testcase name="GetOrder" time="12.392" classname="pak.MOBFPendingOrder"/>
  <testcase name="ViewOrder" time="11.907" classname="pak.MOBFPendingOrder"/>
</testsuite> <!-- pak.MOBFPendingOrder -->
