<?xml version="1.0" encoding="UTF-8"?>
<!-- Generated by org.testng.reporters.JUnitReportReporter -->
<testsuite hostname="SK-SYS-043" name="pak.MOBFPendingOrder" tests="12" failures="0" timestamp="27 Jan 2016 13:07:14 GMT" time="98.054" errors="0">
  <testcase name="QTYvalidation" time="4.917" classname="pak.MOBFPendingOrder"/>
  <testcase name="NARROWBY" time="5.193" classname="pak.MOBFPendingOrder"/>
  <testcase name="GetOrder" time="27.975" classname="pak.MOBFPendingOrder"/>
  <testcase name="UrgentOrder" time="0.170" classname="pak.MOBFPendingOrder"/>
  <testcase name="PRICEvalidation" time="4.873" classname="pak.MOBFPendingOrder"/>
  <testcase name="Navigation" time="21.057" classname="pak.MOBFPendingOrder"/>
  <testcase name="ORDERvalidation" time="4.781" classname="pak.MOBFPendingOrder"/>
  <testcase name="SORTBY" time="2.950" classname="pak.MOBFPendingOrder"/>
  <testcase name="OrderList" time="0.302" classname="pak.MOBFPendingOrder"/>
  <testcase name="SWIPE" time="8.743" classname="pak.MOBFPendingOrder"/>
  <testcase name="ViewOrder" time="12.116" classname="pak.MOBFPendingOrder"/>
  <testcase name="DATEvalidation" time="4.977" classname="pak.MOBFPendingOrder"/>
</testsuite> <!-- pak.MOBFPendingOrder -->
