<?xml version="1.0" encoding="UTF-8"?>
<!-- Generated by org.testng.reporters.JUnitReportReporter -->
<testsuite hostname="SK-SYS-043" name="Test.TestSample" tests="2" failures="0" timestamp="29 Dec 2015 10:00:43 GMT" time="38.095" errors="0">
  <testcase name="ScrollOrder" time="34.899" classname="Test.TestSample"/>
  <testcase name="ViewOrder" time="3.196" classname="Test.TestSample"/>
</testsuite> <!-- Test.TestSample -->
