<?xml version="1.0" encoding="UTF-8"?>
<!-- Generated by org.testng.reporters.JUnitReportReporter -->
<testsuite hostname="SK-SYS-043" name="Test.PreProd" tests="9" failures="0" timestamp="30 Dec 2015 10:30:56 GMT" time="63.953" errors="0">
  <testcase name="Swipe" time="7.611" classname="Test.PreProd"/>
  <testcase name="TestOrder5" time="0.001" classname="Test.PreProd"/>
  <testcase name="TestOrder6" time="0.000" classname="Test.PreProd"/>
  <testcase name="ScrollOrder" time="34.169" classname="Test.PreProd"/>
  <testcase name="PRICEvalidation" time="9.443" classname="Test.PreProd"/>
  <testcase name="ORDERvalidation" time="9.427" classname="Test.PreProd"/>
  <testcase name="QTYvalidation" time="3.277" classname="Test.PreProd"/>
  <testcase name="TestOrder4" time="0.004" classname="Test.PreProd"/>
  <testcase name="UrgentOrder" time="0.021" classname="Test.PreProd"/>
</testsuite> <!-- Test.PreProd -->
