<?xml version="1.0" encoding="UTF-8"?>
<!-- Generated by org.testng.reporters.JUnitReportReporter -->
<testsuite hostname="SK-SYS-043" name="pak.SamplePO" tests="12" failures="0" timestamp="25 Jan 2016 14:19:03 GMT" time="76.751" errors="0">
  <testcase name="NARROWBY" time="5.123" classname="pak.SamplePO"/>
  <testcase name="ORDERvalidation" time="4.825" classname="pak.SamplePO"/>
  <testcase name="DATEvalidation" time="4.980" classname="pak.SamplePO"/>
  <testcase name="ViewOrder" time="12.109" classname="pak.SamplePO"/>
  <testcase name="Navigation" time="20.963" classname="pak.SamplePO"/>
  <testcase name="SWIPE" time="8.740" classname="pak.SamplePO"/>
  <testcase name="UrgentOrder" time="0.173" classname="pak.SamplePO"/>
  <testcase name="GetOrder" time="6.877" classname="pak.SamplePO"/>
  <testcase name="PRICEvalidation" time="4.919" classname="pak.SamplePO"/>
  <testcase name="OrderList" time="0.159" classname="pak.SamplePO"/>
  <testcase name="QTYvalidation" time="4.939" classname="pak.SamplePO"/>
  <testcase name="SORTBY" time="2.944" classname="pak.SamplePO"/>
</testsuite> <!-- pak.SamplePO -->
