<?xml version="1.0" encoding="UTF-8"?>
<!-- Generated by org.testng.reporters.JUnitReportReporter -->
<testsuite hostname="SK-SYS-043" name="Test.MOBFMyOrder" tests="7" failures="0" timestamp="1 Feb 2016 07:01:31 GMT" time="48.044" errors="0">
  <testcase name="NARROWBY" time="16.654" classname="Test.MOBFMyOrder"/>
  <testcase name="PRICEvalidation" time="4.389" classname="Test.MOBFMyOrder"/>
  <testcase name="VIEWALL" time="7.419" classname="Test.MOBFMyOrder"/>
  <testcase name="ORDERvalidation" time="4.404" classname="Test.MOBFMyOrder"/>
  <testcase name="QTYvalidation" time="4.403" classname="Test.MOBFMyOrder"/>
  <testcase name="SORTBY" time="6.232" classname="Test.MOBFMyOrder"/>
  <testcase name="DATEvalidation" time="4.543" classname="Test.MOBFMyOrder"/>
</testsuite> <!-- Test.MOBFMyOrder -->
