<?xml version="1.0" encoding="UTF-8"?>
<!-- Generated by org.testng.reporters.JUnitReportReporter -->
<testsuite hostname="SK-SYS-043" name="Test.MOBFPendingOrder" tests="12" failures="0" timestamp="28 Jan 2016 09:51:52 GMT" time="76.623" errors="0">
  <testcase name="PRICEvalidation" time="4.929" classname="Test.MOBFPendingOrder"/>
  <testcase name="GetOrder" time="7.001" classname="Test.MOBFPendingOrder"/>
  <testcase name="ViewOrder" time="11.930" classname="Test.MOBFPendingOrder"/>
  <testcase name="QTYvalidation" time="5.003" classname="Test.MOBFPendingOrder"/>
  <testcase name="Navigation" time="21.103" classname="Test.MOBFPendingOrder"/>
  <testcase name="UrgentOrder" time="0.181" classname="Test.MOBFPendingOrder"/>
  <testcase name="DATEvalidation" time="4.926" classname="Test.MOBFPendingOrder"/>
  <testcase name="SWIPE" time="4.305" classname="Test.MOBFPendingOrder"/>
  <testcase name="ORDERvalidation" time="4.829" classname="Test.MOBFPendingOrder"/>
  <testcase name="OrderCount" time="4.359" classname="Test.MOBFPendingOrder"/>
  <testcase name="NARROWBY" time="5.112" classname="Test.MOBFPendingOrder"/>
  <testcase name="SORTBY" time="2.945" classname="Test.MOBFPendingOrder"/>
</testsuite> <!-- Test.MOBFPendingOrder -->
