<?xml version="1.0" encoding="UTF-8"?>
<!-- Generated by org.testng.reporters.JUnitReportReporter -->
<testsuite hostname="SK-SYS-043" name="Test.dragAndDrop" tests="1" failures="0" timestamp="29 Dec 2015 13:29:20 GMT" time="12.459" errors="0">
  <testcase name="f" time="12.459" classname="Test.dragAndDrop"/>
</testsuite> <!-- Test.dragAndDrop -->
