<?xml version="1.0" encoding="UTF-8"?>
<!-- Generated by org.testng.reporters.JUnitReportReporter -->
<testsuite hostname="SK-SYS-043" name="pak.MOBFMyOrder" tests="3" failures="0" timestamp="27 Jan 2016 10:34:56 GMT" time="9.343" errors="0">
  <testcase name="VIEWALL" time="2.094" classname="pak.MOBFMyOrder"/>
  <testcase name="NARROWBY" time="4.973" classname="pak.MOBFMyOrder"/>
  <testcase name="SORTBY" time="2.276" classname="pak.MOBFMyOrder"/>
</testsuite> <!-- pak.MOBFMyOrder -->
