<?xml version="1.0" encoding="UTF-8"?>
<!-- Generated by org.testng.reporters.JUnitReportReporter -->
<testsuite hostname="SK-SYS-043" name="Test.Demo" tests="9" failures="0" timestamp="30 Dec 2015 13:47:15 GMT" time="95.338" errors="0">
  <testcase name="ViewOrder" time="5.955" classname="Test.Demo"/>
  <testcase name="Swipe" time="5.854" classname="Test.Demo"/>
  <testcase name="ScrollOrder" time="34.170" classname="Test.Demo"/>
  <testcase name="QTYvalidation" time="3.316" classname="Test.Demo"/>
  <testcase name="NARROWBY" time="17.698" classname="Test.Demo"/>
  <testcase name="SORTBY" time="9.428" classname="Test.Demo"/>
  <testcase name="UrgentOrder" time="0.023" classname="Test.Demo"/>
  <testcase name="PRICEvalidation" time="9.439" classname="Test.Demo"/>
  <testcase name="ORDERvalidation" time="9.455" classname="Test.Demo"/>
</testsuite> <!-- Test.Demo -->
