<?xml version="1.0" encoding="UTF-8"?>
<!-- Generated by org.testng.reporters.JUnitReportReporter -->
<testsuite hostname="SK-SYS-043" name="Test.MOBFMyOrder" tests="1" failures="0" timestamp="2 Feb 2016 07:34:03 GMT" time="56.545" errors="0">
  <testcase name="Scan" time="56.545" classname="Test.MOBFMyOrder"/>
</testsuite> <!-- Test.MOBFMyOrder -->
