<?xml version="1.0" encoding="UTF-8"?>
<!-- Generated by org.testng.reporters.JUnitReportReporter -->
<testsuite hostname="SK-SYS-043" name="pak.POSwipe" tests="1" failures="0" timestamp="30 Dec 2015 09:55:04 GMT" time="9.262" errors="0">
  <testcase name="swipePO" time="9.262" classname="pak.POSwipe"/>
</testsuite> <!-- pak.POSwipe -->
