<?xml version="1.0" encoding="UTF-8"?>
<!-- Generated by org.testng.reporters.JUnitReportReporter -->
<testsuite hostname="SK-SYS-043" name="pak.APOSwipe" tests="1" failures="0" timestamp="30 Dec 2015 09:52:08 GMT" time="6.220" errors="0">
  <testcase name="swipePO" time="6.220" classname="pak.APOSwipe"/>
</testsuite> <!-- pak.APOSwipe -->
