<?xml version="1.0" encoding="UTF-8"?>
<!-- Generated by org.testng.reporters.JUnitReportReporter -->
<testsuite hostname="SK-SYS-043" name="pak.MOBF_PO" tests="10" failures="0" timestamp="30 Dec 2015 05:39:18 GMT" time="58.921" errors="0">
  <testcase name="ViewOrder" time="2.007" classname="pak.MOBF_PO"/>
  <testcase name="PRICEvalidation" time="9.499" classname="pak.MOBF_PO"/>
  <testcase name="UrgentOrder" time="0.072" classname="pak.MOBF_PO"/>
  <testcase name="ORDERvalidation" time="9.424" classname="pak.MOBF_PO"/>
  <testcase name="QTYvalidation" time="3.306" classname="pak.MOBF_PO"/>
  <testcase name="Swipe" time="0.217" classname="pak.MOBF_PO"/>
  <testcase name="TestOrder5" time="0.000" classname="pak.MOBF_PO"/>
  <testcase name="ScrollOrder" time="34.390" classname="pak.MOBF_PO"/>
  <testcase name="TestOrder4" time="0.004" classname="pak.MOBF_PO"/>
  <testcase name="TestOrder6" time="0.002" classname="pak.MOBF_PO"/>
</testsuite> <!-- pak.MOBF_PO -->
