<?xml version="1.0" encoding="UTF-8"?>
<!-- Generated by org.testng.reporters.JUnitReportReporter -->
<testsuite hostname="SK-SYS-043" name="Test.MOBFArchieveOrder" tests="1" failures="0" timestamp="3 Feb 2016 10:35:07 GMT" time="8.628" errors="0">
  <testcase name="REVERSESWIPE" time="8.628" classname="Test.MOBFArchieveOrder"/>
</testsuite> <!-- Test.MOBFArchieveOrder -->
