<?xml version="1.0" encoding="UTF-8"?>
<!-- Generated by org.testng.reporters.JUnitReportReporter -->
<testsuite hostname="SK-SYS-043" name="pak.MOBFPendingOrder" tests="12" failures="0" timestamp="1 Feb 2016 07:06:48 GMT" time="83.720" errors="0">
  <testcase name="ORDERvalidation" time="4.851" classname="pak.MOBFPendingOrder"/>
  <testcase name="ViewOrder" time="12.183" classname="pak.MOBFPendingOrder"/>
  <testcase name="GetOrder" time="9.631" classname="pak.MOBFPendingOrder"/>
  <testcase name="NARROWBY" time="9.159" classname="pak.MOBFPendingOrder"/>
  <testcase name="DATEvalidation" time="4.949" classname="pak.MOBFPendingOrder"/>
  <testcase name="SORTBY" time="2.925" classname="pak.MOBFPendingOrder"/>
  <testcase name="UrgentOrder" time="0.132" classname="pak.MOBFPendingOrder"/>
  <testcase name="SWIPE" time="4.509" classname="pak.MOBFPendingOrder"/>
  <testcase name="OrderCountPO" time="4.355" classname="pak.MOBFPendingOrder"/>
  <testcase name="PRICEvalidation" time="4.998" classname="pak.MOBFPendingOrder"/>
  <testcase name="Navigation" time="21.115" classname="pak.MOBFPendingOrder"/>
  <testcase name="QTYvalidation" time="4.913" classname="pak.MOBFPendingOrder"/>
</testsuite> <!-- pak.MOBFPendingOrder -->
