<?xml version="1.0" encoding="UTF-8"?>
<!-- Generated by org.testng.reporters.JUnitReportReporter -->
<testsuite hostname="SK-SYS-043" name="pak.MOBFPendingOrder" tests="12" failures="0" timestamp="27 Jan 2016 07:18:45 GMT" time="80.511" errors="0">
  <testcase name="Navigation" time="22.122" classname="pak.MOBFPendingOrder"/>
  <testcase name="PRICEvalidation" time="5.204" classname="pak.MOBFPendingOrder"/>
  <testcase name="GetOrder" time="6.785" classname="pak.MOBFPendingOrder"/>
  <testcase name="QTYvalidation" time="5.189" classname="pak.MOBFPendingOrder"/>
  <testcase name="OrderList" time="0.163" classname="pak.MOBFPendingOrder"/>
  <testcase name="ViewOrder" time="12.726" classname="pak.MOBFPendingOrder"/>
  <testcase name="NARROWBY" time="5.404" classname="pak.MOBFPendingOrder"/>
  <testcase name="SORTBY" time="3.175" classname="pak.MOBFPendingOrder"/>
  <testcase name="DATEvalidation" time="5.268" classname="pak.MOBFPendingOrder"/>
  <testcase name="UrgentOrder" time="0.174" classname="pak.MOBFPendingOrder"/>
  <testcase name="ORDERvalidation" time="5.075" classname="pak.MOBFPendingOrder"/>
  <testcase name="SWIPE" time="9.226" classname="pak.MOBFPendingOrder"/>
</testsuite> <!-- pak.MOBFPendingOrder -->
