<?xml version="1.0" encoding="UTF-8"?>
<!-- Generated by org.testng.reporters.JUnitReportReporter -->
<testsuite hostname="SK-SYS-043" name="Test.TestComplete" tests="10" failures="0" timestamp="30 Dec 2015 06:36:46 GMT" time="63.154" errors="0">
  <testcase name="ViewOrder" time="1.993" classname="Test.TestComplete"/>
  <testcase name="PRICEvalidation" time="9.446" classname="Test.TestComplete"/>
  <testcase name="UrgentOrder" time="0.074" classname="Test.TestComplete"/>
  <testcase name="ORDERvalidation" time="9.395" classname="Test.TestComplete"/>
  <testcase name="QTYvalidation" time="3.292" classname="Test.TestComplete"/>
  <testcase name="Swipe" time="3.169" classname="Test.TestComplete"/>
  <testcase name="TestOrder5" time="0.000" classname="Test.TestComplete"/>
  <testcase name="ScrollOrder" time="35.780" classname="Test.TestComplete"/>
  <testcase name="TestOrder4" time="0.004" classname="Test.TestComplete"/>
  <testcase name="TestOrder6" time="0.001" classname="Test.TestComplete"/>
</testsuite> <!-- Test.TestComplete -->
