<?xml version="1.0" encoding="UTF-8"?>
<!-- Generated by org.testng.reporters.JUnitReportReporter -->
<testsuite hostname="SK-SYS-043" name="pak.SamplePO" tests="11" failures="0" timestamp="25 Jan 2016 12:57:02 GMT" time="70.912" errors="0">
  <testcase name="UrgentOrder" time="0.164" classname="pak.SamplePO"/>
  <testcase name="QTYvalidation" time="4.937" classname="pak.SamplePO"/>
  <testcase name="Navigation" time="21.022" classname="pak.SamplePO"/>
  <testcase name="ViewOrder" time="12.170" classname="pak.SamplePO"/>
  <testcase name="ORDERvalidation" time="4.826" classname="pak.SamplePO"/>
  <testcase name="DATEvalidation" time="5.056" classname="pak.SamplePO"/>
  <testcase name="GetOrder" time="6.233" classname="pak.SamplePO"/>
  <testcase name="SORTBY" time="2.955" classname="pak.SamplePO"/>
  <testcase name="OrderList" time="0.157" classname="pak.SamplePO"/>
  <testcase name="PRICEvalidation" time="4.942" classname="pak.SamplePO"/>
  <testcase name="SWIPE" time="8.450" classname="pak.SamplePO"/>
</testsuite> <!-- pak.SamplePO -->
