<?xml version="1.0" encoding="UTF-8"?>
<!-- Generated by org.testng.reporters.JUnitReportReporter -->
<testsuite hostname="SK-SYS-043" name="Test.Del" tests="1" failures="0" timestamp="27 Jan 2016 05:59:37 GMT" time="0.009" errors="0">
  <testcase name="f1" time="0.009" classname="Test.Del"/>
</testsuite> <!-- Test.Del -->
