<?xml version="1.0" encoding="UTF-8"?>
<!-- Generated by org.testng.reporters.JUnitReportReporter -->
<testsuite hostname="SK-SYS-043" name="Test.MOBFPendingOrder" tests="2" failures="0" timestamp="3 Feb 2016 10:29:23 GMT" time="19.981" errors="0">
  <testcase name="GetOrder" time="11.686" classname="Test.MOBFPendingOrder"/>
  <testcase name="SWIPE" time="8.295" classname="Test.MOBFPendingOrder"/>
</testsuite> <!-- Test.MOBFPendingOrder -->
