<?xml version="1.0" encoding="UTF-8"?>
<!-- Generated by org.testng.reporters.JUnitReportReporter -->
<testsuite hostname="SK-SYS-043" name="Test.MOBFMyOrder" tests="7" failures="0" timestamp="1 Feb 2016 05:14:32 GMT" time="41.128" errors="0">
  <testcase name="VIEWALL" time="7.622" classname="Test.MOBFMyOrder"/>
  <testcase name="NARROWBY" time="8.820" classname="Test.MOBFMyOrder"/>
  <testcase name="QTYvalidation" time="4.692" classname="Test.MOBFMyOrder"/>
  <testcase name="SORTBY" time="6.392" classname="Test.MOBFMyOrder"/>
  <testcase name="PRICEvalidation" time="4.515" classname="Test.MOBFMyOrder"/>
  <testcase name="ORDERvalidation" time="4.562" classname="Test.MOBFMyOrder"/>
  <testcase name="DATEvalidation" time="4.525" classname="Test.MOBFMyOrder"/>
</testsuite> <!-- Test.MOBFMyOrder -->
