<?xml version="1.0" encoding="UTF-8"?>
<!-- Generated by org.testng.reporters.JUnitReportReporter -->
<testsuite hostname="SK-SYS-043" name="pak.MOBFMyOrder" tests="7" failures="0" timestamp="27 Jan 2016 13:34:34 GMT" time="32.858" errors="0">
  <testcase name="QTYvalidation" time="4.581" classname="pak.MOBFMyOrder"/>
  <testcase name="DATEvalidation" time="4.588" classname="pak.MOBFMyOrder"/>
  <testcase name="NARROWBY" time="5.093" classname="pak.MOBFMyOrder"/>
  <testcase name="PRICEvalidation" time="4.414" classname="pak.MOBFMyOrder"/>
  <testcase name="ORDERvalidation" time="4.436" classname="pak.MOBFMyOrder"/>
  <testcase name="SORTBY" time="2.471" classname="pak.MOBFMyOrder"/>
  <testcase name="VIEWALL" time="7.275" classname="pak.MOBFMyOrder"/>
</testsuite> <!-- pak.MOBFMyOrder -->
