<?xml version="1.0" encoding="UTF-8"?>
<!-- Generated by org.testng.reporters.JUnitReportReporter -->
<testsuite hostname="SK-SYS-043" name="pak.MOBFMyOrder" tests="7" failures="0" timestamp="1 Feb 2016 07:06:48 GMT" time="48.230" errors="0">
  <testcase name="NARROWBY" time="16.688" classname="pak.MOBFMyOrder"/>
  <testcase name="DATEvalidation" time="4.418" classname="pak.MOBFMyOrder"/>
  <testcase name="ORDERvalidation" time="4.431" classname="pak.MOBFMyOrder"/>
  <testcase name="SORTBY" time="6.254" classname="pak.MOBFMyOrder"/>
  <testcase name="PRICEvalidation" time="4.592" classname="pak.MOBFMyOrder"/>
  <testcase name="VIEWALL" time="7.429" classname="pak.MOBFMyOrder"/>
  <testcase name="QTYvalidation" time="4.418" classname="pak.MOBFMyOrder"/>
</testsuite> <!-- pak.MOBFMyOrder -->
