<?xml version="1.0" encoding="UTF-8"?>
<!-- Generated by org.testng.reporters.JUnitReportReporter -->
<testsuite hostname="SK-SYS-043" name="pak.Sample" tests="10" failures="0" timestamp="25 Jan 2016 05:14:23 GMT" time="71.689" errors="0">
  <testcase name="GetOrder" time="13.994" classname="pak.Sample"/>
  <testcase name="QTYvalidation" time="4.908" classname="pak.Sample"/>
  <testcase name="OrderList" time="0.215" classname="pak.Sample"/>
  <testcase name="ViewOrder" time="12.073" classname="pak.Sample"/>
  <testcase name="PRICEvalidation" time="4.959" classname="pak.Sample"/>
  <testcase name="DATEvalidation" time="4.912" classname="pak.Sample"/>
  <testcase name="SWIPE" time="4.639" classname="pak.Sample"/>
  <testcase name="ORDERvalidation" time="4.814" classname="pak.Sample"/>
  <testcase name="UrgentOrder" time="0.168" classname="pak.Sample"/>
  <testcase name="Navigation" time="21.007" classname="pak.Sample"/>
</testsuite> <!-- pak.Sample -->
