<?xml version="1.0" encoding="UTF-8"?>
<!-- Generated by org.testng.reporters.JUnitReportReporter -->
<testsuite hostname="SK-SYS-043" name="pak.MOBF_PO" tests="4" failures="0" timestamp="29 Dec 2015 10:27:18 GMT" time="45.996" errors="0">
  <testcase name="ScrollOrder" time="34.505" classname="pak.MOBF_PO"/>
  <testcase name="ViewOrder" time="1.985" classname="pak.MOBF_PO"/>
  <testcase name="Ordervalidation" time="9.433" classname="pak.MOBF_PO"/>
  <testcase name="UrgentOrder" time="0.073" classname="pak.MOBF_PO"/>
</testsuite> <!-- pak.MOBF_PO -->
