<?xml version="1.0" encoding="UTF-8"?>
<!-- Generated by org.testng.reporters.JUnitReportReporter -->
<testsuite hostname="SK-SYS-043" name="pak.MOBFPendingOrder" tests="12" failures="0" timestamp="27 Jan 2016 10:34:56 GMT" time="106.060" errors="0">
  <testcase name="NARROWBY" time="5.097" classname="pak.MOBFPendingOrder"/>
  <testcase name="SWIPE" time="8.589" classname="pak.MOBFPendingOrder"/>
  <testcase name="DATEvalidation" time="4.875" classname="pak.MOBFPendingOrder"/>
  <testcase name="QTYvalidation" time="4.924" classname="pak.MOBFPendingOrder"/>
  <testcase name="Navigation" time="20.863" classname="pak.MOBFPendingOrder"/>
  <testcase name="PRICEvalidation" time="4.912" classname="pak.MOBFPendingOrder"/>
  <testcase name="OrderList" time="0.155" classname="pak.MOBFPendingOrder"/>
  <testcase name="GetOrder" time="36.603" classname="pak.MOBFPendingOrder"/>
  <testcase name="ORDERvalidation" time="4.842" classname="pak.MOBFPendingOrder"/>
  <testcase name="SORTBY" time="2.919" classname="pak.MOBFPendingOrder"/>
  <testcase name="ViewOrder" time="12.112" classname="pak.MOBFPendingOrder"/>
  <testcase name="UrgentOrder" time="0.169" classname="pak.MOBFPendingOrder"/>
</testsuite> <!-- pak.MOBFPendingOrder -->
