<?xml version="1.0" encoding="UTF-8"?>
<!-- Generated by org.testng.reporters.JUnitReportReporter -->
<testsuite hostname="SK-SYS-043" name="Test.SamplePO" tests="12" failures="0" timestamp="25 Jan 2016 14:15:44 GMT" time="77.967" errors="0">
  <testcase name="ViewOrder" time="12.073" classname="Test.SamplePO"/>
  <testcase name="GetOrder" time="8.067" classname="Test.SamplePO"/>
  <testcase name="OrderList" time="0.159" classname="Test.SamplePO"/>
  <testcase name="DATEvalidation" time="5.021" classname="Test.SamplePO"/>
  <testcase name="NARROWBY" time="5.149" classname="Test.SamplePO"/>
  <testcase name="PRICEvalidation" time="4.926" classname="Test.SamplePO"/>
  <testcase name="QTYvalidation" time="4.910" classname="Test.SamplePO"/>
  <testcase name="Navigation" time="21.020" classname="Test.SamplePO"/>
  <testcase name="SORTBY" time="2.934" classname="Test.SamplePO"/>
  <testcase name="ORDERvalidation" time="4.812" classname="Test.SamplePO"/>
  <testcase name="SWIPE" time="8.729" classname="Test.SamplePO"/>
  <testcase name="UrgentOrder" time="0.167" classname="Test.SamplePO"/>
</testsuite> <!-- Test.SamplePO -->
