<?xml version="1.0" encoding="UTF-8"?>
<!-- Generated by org.testng.reporters.JUnitReportReporter -->
<testsuite hostname="SK-SYS-043" name="pak.MOBFPendingOrder" tests="12" failures="0" timestamp="28 Jan 2016 10:03:28 GMT" time="83.289" errors="0">
  <testcase name="SORTBY" time="2.949" classname="pak.MOBFPendingOrder"/>
  <testcase name="NARROWBY" time="5.195" classname="pak.MOBFPendingOrder"/>
  <testcase name="UrgentOrder" time="0.221" classname="pak.MOBFPendingOrder"/>
  <testcase name="SWIPE" time="4.631" classname="pak.MOBFPendingOrder"/>
  <testcase name="QTYvalidation" time="4.987" classname="pak.MOBFPendingOrder"/>
  <testcase name="PRICEvalidation" time="4.978" classname="pak.MOBFPendingOrder"/>
  <testcase name="GetOrder" time="12.764" classname="pak.MOBFPendingOrder"/>
  <testcase name="ViewOrder" time="12.207" classname="pak.MOBFPendingOrder"/>
  <testcase name="DATEvalidation" time="4.960" classname="pak.MOBFPendingOrder"/>
  <testcase name="Navigation" time="21.219" classname="pak.MOBFPendingOrder"/>
  <testcase name="ORDERvalidation" time="4.814" classname="pak.MOBFPendingOrder"/>
  <testcase name="OrderCount" time="4.364" classname="pak.MOBFPendingOrder"/>
</testsuite> <!-- pak.MOBFPendingOrder -->
