<?xml version="1.0" encoding="UTF-8"?>
<!-- Generated by org.testng.reporters.JUnitReportReporter -->
<testsuite hostname="SK-SYS-043" name="pak.MOBF_PO" tests="4" failures="0" timestamp="28 Dec 2015 10:04:30 GMT" time="35.024" errors="0">
  <testcase name="ViewOrder" time="0.750" classname="pak.MOBF_PO"/>
  <testcase name="UrgentOrder" time="0.074" classname="pak.MOBF_PO"/>
  <testcase name="ScrollOrder" time="34.199" classname="pak.MOBF_PO"/>
  <testcase name="TestOrder" time="0.001" classname="pak.MOBF_PO"/>
</testsuite> <!-- pak.MOBF_PO -->
