<?xml version="1.0" encoding="UTF-8"?>
<!-- Generated by org.testng.reporters.JUnitReportReporter -->
<testsuite hostname="SK-SYS-043" name="Test.MOBFPendingOrder" tests="12" failures="0" timestamp="1 Feb 2016 05:25:29 GMT" time="92.029" errors="0">
  <testcase name="GetOrder" time="14.051" classname="Test.MOBFPendingOrder"/>
  <testcase name="ViewOrder" time="12.172" classname="Test.MOBFPendingOrder"/>
  <testcase name="SORTBY" time="2.925" classname="Test.MOBFPendingOrder"/>
  <testcase name="QTYvalidation" time="4.941" classname="Test.MOBFPendingOrder"/>
  <testcase name="NARROWBY" time="13.160" classname="Test.MOBFPendingOrder"/>
  <testcase name="OrderCountPO" time="4.352" classname="Test.MOBFPendingOrder"/>
  <testcase name="SWIPE" time="4.456" classname="Test.MOBFPendingOrder"/>
  <testcase name="Navigation" time="21.141" classname="Test.MOBFPendingOrder"/>
  <testcase name="DATEvalidation" time="4.933" classname="Test.MOBFPendingOrder"/>
  <testcase name="PRICEvalidation" time="4.932" classname="Test.MOBFPendingOrder"/>
  <testcase name="ORDERvalidation" time="4.836" classname="Test.MOBFPendingOrder"/>
  <testcase name="UrgentOrder" time="0.130" classname="Test.MOBFPendingOrder"/>
</testsuite> <!-- Test.MOBFPendingOrder -->
