<?xml version="1.0" encoding="UTF-8"?>
<!-- Generated by org.testng.reporters.JUnitReportReporter -->
<testsuite hostname="SK-SYS-043" name="Test.MOBFPendingOrder" tests="2" failures="0" timestamp="2 Feb 2016 07:10:45 GMT" time="16.843" errors="0">
  <testcase name="GetOrder" time="8.574" classname="Test.MOBFPendingOrder"/>
  <testcase name="SWIPE" time="8.269" classname="Test.MOBFPendingOrder"/>
</testsuite> <!-- Test.MOBFPendingOrder -->
