<?xml version="1.0" encoding="UTF-8"?>
<!-- Generated by org.testng.reporters.JUnitReportReporter -->
<testsuite hostname="SK-SYS-043" name="Test.POScan" tests="2" failures="0" timestamp="2 Feb 2016 07:31:28 GMT" time="11.833" errors="0">
  <testcase name="GetOrder" time="3.596" classname="Test.POScan"/>
  <testcase name="SWIPE" time="8.237" classname="Test.POScan"/>
</testsuite> <!-- Test.POScan -->
