<?xml version="1.0" encoding="UTF-8"?>
<!-- Generated by org.testng.reporters.JUnitReportReporter -->
<testsuite hostname="SK-SYS-043" name="pak.MOBFPendingOrder" tests="12" failures="0" timestamp="27 Jan 2016 12:36:34 GMT" time="101.403" errors="0">
  <testcase name="OrderList" time="0.156" classname="pak.MOBFPendingOrder"/>
  <testcase name="SWIPE" time="8.770" classname="pak.MOBFPendingOrder"/>
  <testcase name="SORTBY" time="2.957" classname="pak.MOBFPendingOrder"/>
  <testcase name="UrgentOrder" time="0.167" classname="pak.MOBFPendingOrder"/>
  <testcase name="Navigation" time="21.046" classname="pak.MOBFPendingOrder"/>
  <testcase name="ViewOrder" time="12.076" classname="pak.MOBFPendingOrder"/>
  <testcase name="ORDERvalidation" time="4.809" classname="pak.MOBFPendingOrder"/>
  <testcase name="QTYvalidation" time="4.901" classname="pak.MOBFPendingOrder"/>
  <testcase name="GetOrder" time="31.343" classname="pak.MOBFPendingOrder"/>
  <testcase name="DATEvalidation" time="4.911" classname="pak.MOBFPendingOrder"/>
  <testcase name="NARROWBY" time="5.153" classname="pak.MOBFPendingOrder"/>
  <testcase name="PRICEvalidation" time="5.114" classname="pak.MOBFPendingOrder"/>
</testsuite> <!-- pak.MOBFPendingOrder -->
