<?xml version="1.0" encoding="UTF-8"?>
<!-- Generated by org.testng.reporters.JUnitReportReporter -->
<testsuite hostname="SK-SYS-043" name="Test.NewSam" tests="1" failures="0" timestamp="30 Dec 2015 06:53:38 GMT" time="6.610" errors="0">
  <testcase name="f" time="6.610" classname="Test.NewSam"/>
</testsuite> <!-- Test.NewSam -->
