<?xml version="1.0" encoding="UTF-8"?>
<!-- Generated by org.testng.reporters.JUnitReportReporter -->
<testsuite hostname="SK-SYS-043" name="Test.CopyOfSample" tests="10" failures="0" timestamp="25 Jan 2016 12:40:25 GMT" time="72.039" errors="0">
  <testcase name="Navigation" time="22.028" classname="Test.CopyOfSample"/>
  <testcase name="ViewOrder" time="12.782" classname="Test.CopyOfSample"/>
  <testcase name="PRICEvalidation" time="5.177" classname="Test.CopyOfSample"/>
  <testcase name="GetOrder" time="6.835" classname="Test.CopyOfSample"/>
  <testcase name="SWIPE1" time="9.435" classname="Test.CopyOfSample"/>
  <testcase name="UrgentOrder" time="0.172" classname="Test.CopyOfSample"/>
  <testcase name="QTYvalidation" time="5.200" classname="Test.CopyOfSample"/>
  <testcase name="DATEvalidation" time="5.241" classname="Test.CopyOfSample"/>
  <testcase name="OrderList" time="0.166" classname="Test.CopyOfSample"/>
  <testcase name="ORDERvalidation" time="5.003" classname="Test.CopyOfSample"/>
</testsuite> <!-- Test.CopyOfSample -->
