<?xml version="1.0" encoding="UTF-8"?>
<!-- Generated by org.testng.reporters.JUnitReportReporter -->
<testsuite hostname="SK-SYS-043" name="Test.MOBFPendingOrder" tests="12" failures="0" timestamp="1 Feb 2016 05:14:32 GMT" time="85.980" errors="0">
  <testcase name="ViewOrder" time="12.574" classname="Test.MOBFPendingOrder"/>
  <testcase name="NARROWBY" time="13.468" classname="Test.MOBFPendingOrder"/>
  <testcase name="QTYvalidation" time="5.003" classname="Test.MOBFPendingOrder"/>
  <testcase name="GetOrder" time="6.277" classname="Test.MOBFPendingOrder"/>
  <testcase name="Navigation" time="21.606" classname="Test.MOBFPendingOrder"/>
  <testcase name="SORTBY" time="3.021" classname="Test.MOBFPendingOrder"/>
  <testcase name="SWIPE" time="4.406" classname="Test.MOBFPendingOrder"/>
  <testcase name="PRICEvalidation" time="5.038" classname="Test.MOBFPendingOrder"/>
  <testcase name="DATEvalidation" time="5.107" classname="Test.MOBFPendingOrder"/>
  <testcase name="ORDERvalidation" time="4.927" classname="Test.MOBFPendingOrder"/>
  <testcase name="OrderCountPO" time="4.427" classname="Test.MOBFPendingOrder"/>
  <testcase name="UrgentOrder" time="0.126" classname="Test.MOBFPendingOrder"/>
</testsuite> <!-- Test.MOBFPendingOrder -->
