<?xml version="1.0" encoding="UTF-8"?>
<!-- Generated by org.testng.reporters.JUnitReportReporter -->
<testsuite hostname="SK-SYS-043" name="Test.MyOrder" tests="1" failures="0" timestamp="27 Jan 2016 05:04:33 GMT" time="0.007" errors="0">
  <testcase name="T1" time="0.007" classname="Test.MyOrder"/>
</testsuite> <!-- Test.MyOrder -->
