<?xml version="1.0" encoding="UTF-8"?>
<!-- Generated by org.testng.reporters.JUnitReportReporter -->
<testsuite hostname="SK-SYS-043" name="Test.SamplePO" tests="12" failures="0" timestamp="25 Jan 2016 13:20:11 GMT" time="76.312" errors="0">
  <testcase name="QTYvalidation" time="4.920" classname="Test.SamplePO"/>
  <testcase name="OrderList" time="0.158" classname="Test.SamplePO"/>
  <testcase name="SWIPE" time="8.769" classname="Test.SamplePO"/>
  <testcase name="ORDERvalidation" time="4.828" classname="Test.SamplePO"/>
  <testcase name="NARROWBY" time="5.150" classname="Test.SamplePO"/>
  <testcase name="DATEvalidation" time="5.018" classname="Test.SamplePO"/>
  <testcase name="SORTBY" time="2.923" classname="Test.SamplePO"/>
  <testcase name="Navigation" time="21.019" classname="Test.SamplePO"/>
  <testcase name="GetOrder" time="6.241" classname="Test.SamplePO"/>
  <testcase name="ViewOrder" time="12.179" classname="Test.SamplePO"/>
  <testcase name="UrgentOrder" time="0.168" classname="Test.SamplePO"/>
  <testcase name="PRICEvalidation" time="4.939" classname="Test.SamplePO"/>
</testsuite> <!-- Test.SamplePO -->
