<?xml version="1.0" encoding="UTF-8"?>
<!-- Generated by org.testng.reporters.JUnitReportReporter -->
<testsuite hostname="SK-SYS-043" name="pak.Demo" tests="9" failures="0" timestamp="30 Dec 2015 13:49:23 GMT" time="95.263" errors="0">
  <testcase name="UrgentOrder" time="0.021" classname="pak.Demo"/>
  <testcase name="ViewOrder" time="5.966" classname="pak.Demo"/>
  <testcase name="ORDERvalidation" time="9.432" classname="pak.Demo"/>
  <testcase name="QTYvalidation" time="3.307" classname="pak.Demo"/>
  <testcase name="Swipe" time="5.764" classname="pak.Demo"/>
  <testcase name="NARROWBY" time="17.694" classname="pak.Demo"/>
  <testcase name="SORTBY" time="9.450" classname="pak.Demo"/>
  <testcase name="PRICEvalidation" time="9.452" classname="pak.Demo"/>
  <testcase name="ScrollOrder" time="34.177" classname="pak.Demo"/>
</testsuite> <!-- pak.Demo -->
