<?xml version="1.0" encoding="UTF-8"?>
<!-- Generated by org.testng.reporters.JUnitReportReporter -->
<testsuite hostname="SK-SYS-043" name="Test.MOBFPendingOrder" tests="2" failures="0" timestamp="2 Feb 2016 07:34:03 GMT" time="16.598" errors="0">
  <testcase name="SWIPE" time="8.302" classname="Test.MOBFPendingOrder"/>
  <testcase name="GetOrder" time="8.296" classname="Test.MOBFPendingOrder"/>
</testsuite> <!-- Test.MOBFPendingOrder -->
