<?xml version="1.0" encoding="UTF-8"?>
<!-- Generated by org.testng.reporters.JUnitReportReporter -->
<testsuite hostname="SK-SYS-043" name="pak.POSwipe" tests="1" failures="0" timestamp="30 Dec 2015 06:55:45 GMT" time="9.808" errors="0">
  <testcase name="f" time="9.808" classname="pak.POSwipe"/>
</testsuite> <!-- pak.POSwipe -->
