<?xml version="1.0" encoding="UTF-8"?>
<!-- Generated by org.testng.reporters.JUnitReportReporter -->
<testsuite hostname="SK-SYS-043" name="pak.Demo" tests="8" failures="0" timestamp="30 Dec 2015 13:22:43 GMT" time="86.663" errors="0">
  <testcase name="UrgentOrder" time="0.022" classname="pak.Demo"/>
  <testcase name="ORDERvalidation" time="9.416" classname="pak.Demo"/>
  <testcase name="QTYvalidation" time="3.300" classname="pak.Demo"/>
  <testcase name="NARROWBY" time="17.678" classname="pak.Demo"/>
  <testcase name="Swipe" time="6.231" classname="pak.Demo"/>
  <testcase name="PRICEvalidation" time="9.444" classname="pak.Demo"/>
  <testcase name="ScrollOrder" time="34.118" classname="pak.Demo"/>
  <testcase name="ViewOrder" time="6.454" classname="pak.Demo"/>
</testsuite> <!-- pak.Demo -->
