<?xml version="1.0" encoding="UTF-8"?>
<!-- Generated by org.testng.reporters.JUnitReportReporter -->
<testsuite hostname="SK-SYS-043" name="pak.PO" tests="6" failures="0" timestamp="30 Dec 2015 10:51:14 GMT" time="67.027" errors="0">
  <testcase name="ViewOrder" time="6.581" classname="pak.PO"/>
  <testcase name="ScrollOrder" time="38.104" classname="pak.PO"/>
  <testcase name="QTYvalidation" time="3.305" classname="pak.PO"/>
  <testcase name="ORDERvalidation" time="9.467" classname="pak.PO"/>
  <testcase name="UrgentOrder" time="0.083" classname="pak.PO"/>
  <testcase name="PRICEvalidation" time="9.487" classname="pak.PO"/>
</testsuite> <!-- pak.PO -->
