<?xml version="1.0" encoding="UTF-8"?>
<!-- Generated by org.testng.reporters.JUnitReportReporter -->
<testsuite hostname="SK-SYS-043" name="pak.SamplePO" tests="12" failures="0" timestamp="27 Jan 2016 06:39:12 GMT" time="77.235" errors="0">
  <testcase name="ORDERvalidation" time="4.838" classname="pak.SamplePO"/>
  <testcase name="UrgentOrder" time="0.169" classname="pak.SamplePO"/>
  <testcase name="Navigation" time="20.963" classname="pak.SamplePO"/>
  <testcase name="PRICEvalidation" time="4.934" classname="pak.SamplePO"/>
  <testcase name="DATEvalidation" time="4.958" classname="pak.SamplePO"/>
  <testcase name="OrderList" time="0.157" classname="pak.SamplePO"/>
  <testcase name="ViewOrder" time="12.091" classname="pak.SamplePO"/>
  <testcase name="SWIPE" time="8.763" classname="pak.SamplePO"/>
  <testcase name="NARROWBY" time="5.127" classname="pak.SamplePO"/>
  <testcase name="SORTBY" time="2.902" classname="pak.SamplePO"/>
  <testcase name="GetOrder" time="7.428" classname="pak.SamplePO"/>
  <testcase name="QTYvalidation" time="4.905" classname="pak.SamplePO"/>
</testsuite> <!-- pak.SamplePO -->
