<?xml version="1.0" encoding="UTF-8"?>
<!-- Generated by org.testng.reporters.JUnitReportReporter -->
<testsuite hostname="SK-SYS-043" name="pak.SamplePO" tests="12" failures="0" timestamp="25 Jan 2016 13:22:44 GMT" time="78.016" errors="0">
  <testcase name="ViewOrder" time="12.076" classname="pak.SamplePO"/>
  <testcase name="DATEvalidation" time="4.987" classname="pak.SamplePO"/>
  <testcase name="SORTBY" time="2.941" classname="pak.SamplePO"/>
  <testcase name="QTYvalidation" time="4.915" classname="pak.SamplePO"/>
  <testcase name="UrgentOrder" time="0.165" classname="pak.SamplePO"/>
  <testcase name="Navigation" time="21.020" classname="pak.SamplePO"/>
  <testcase name="PRICEvalidation" time="4.929" classname="pak.SamplePO"/>
  <testcase name="OrderList" time="0.157" classname="pak.SamplePO"/>
  <testcase name="NARROWBY" time="5.141" classname="pak.SamplePO"/>
  <testcase name="GetOrder" time="8.064" classname="pak.SamplePO"/>
  <testcase name="ORDERvalidation" time="4.811" classname="pak.SamplePO"/>
  <testcase name="SWIPE" time="8.810" classname="pak.SamplePO"/>
</testsuite> <!-- pak.SamplePO -->
