<?xml version="1.0" encoding="UTF-8"?>
<!-- Generated by org.testng.reporters.JUnitReportReporter -->
<testsuite hostname="SK-SYS-043" name="pak.MOBFPendingOrder" tests="12" failures="0" timestamp="1 Feb 2016 12:19:33 GMT" time="83.161" errors="0">
  <testcase name="SWIPE" time="4.451" classname="pak.MOBFPendingOrder"/>
  <testcase name="ViewOrder" time="12.183" classname="pak.MOBFPendingOrder"/>
  <testcase name="QTYvalidation" time="4.933" classname="pak.MOBFPendingOrder"/>
  <testcase name="GetOrder" time="9.115" classname="pak.MOBFPendingOrder"/>
  <testcase name="Navigation" time="21.091" classname="pak.MOBFPendingOrder"/>
  <testcase name="SORTBY" time="2.927" classname="pak.MOBFPendingOrder"/>
  <testcase name="PRICEvalidation" time="4.911" classname="pak.MOBFPendingOrder"/>
  <testcase name="DATEvalidation" time="4.996" classname="pak.MOBFPendingOrder"/>
  <testcase name="NARROWBY" time="9.267" classname="pak.MOBFPendingOrder"/>
  <testcase name="ORDERvalidation" time="4.808" classname="pak.MOBFPendingOrder"/>
  <testcase name="OrderCountPO" time="4.354" classname="pak.MOBFPendingOrder"/>
  <testcase name="UrgentOrder" time="0.125" classname="pak.MOBFPendingOrder"/>
</testsuite> <!-- pak.MOBFPendingOrder -->
