<?xml version="1.0" encoding="UTF-8"?>
<!-- Generated by org.testng.reporters.JUnitReportReporter -->
<testsuite hostname="SK-SYS-043" name="Test.Delete" tests="3" failures="0" timestamp="5 Jan 2016 10:40:28 GMT" time="36.988" errors="0">
  <testcase name="NARROWBY" time="18.238" classname="Test.Delete"/>
  <testcase name="SORTBY" time="6.723" classname="Test.Delete"/>
  <testcase name="GetOrder" time="12.027" classname="Test.Delete"/>
</testsuite> <!-- Test.Delete -->
