<?xml version="1.0" encoding="UTF-8"?>
<!-- Generated by org.testng.reporters.JUnitReportReporter -->
<testsuite hostname="SK-SYS-043" name="pak.MOBFMyOrder" tests="4" failures="0" timestamp="2 Feb 2016 09:38:36 GMT" time="89.495" errors="0">
  <testcase name="VIEWALLCount" time="4.325" classname="pak.MOBFMyOrder"/>
  <testcase name="Scan" time="36.804" classname="pak.MOBFMyOrder"/>
  <testcase name="SORTBY" time="6.233" classname="pak.MOBFMyOrder"/>
  <testcase name="NARROWBY" time="42.133" classname="pak.MOBFMyOrder"/>
</testsuite> <!-- pak.MOBFMyOrder -->
