<?xml version="1.0" encoding="UTF-8"?>
<!-- Generated by org.testng.reporters.JUnitReportReporter -->
<testsuite hostname="SK-SYS-043" name="pak.Demo" tests="7" failures="0" timestamp="30 Dec 2015 11:00:01 GMT" time="83.250" errors="0">
  <testcase name="ViewOrder" time="5.948" classname="pak.Demo"/>
  <testcase name="ScrollOrder" time="34.202" classname="pak.Demo"/>
  <testcase name="UrgentOrder" time="0.023" classname="pak.Demo"/>
  <testcase name="ORDERvalidation" time="9.458" classname="pak.Demo"/>
  <testcase name="Swipe" time="20.869" classname="pak.Demo"/>
  <testcase name="QTYvalidation" time="3.284" classname="pak.Demo"/>
  <testcase name="PRICEvalidation" time="9.466" classname="pak.Demo"/>
</testsuite> <!-- pak.Demo -->
