<?xml version="1.0" encoding="UTF-8"?>
<!-- Generated by org.testng.reporters.JUnitReportReporter -->
<testsuite hostname="SK-SYS-043" name="pak.MOBF_PO" tests="7" failures="0" timestamp="29 Dec 2015 10:57:44 GMT" time="49.147" errors="0">
  <testcase name="TestOrder4" time="0.001" classname="pak.MOBF_PO"/>
  <testcase name="ORDERvalidation" time="9.398" classname="pak.MOBF_PO"/>
  <testcase name="QTYvalidation" time="3.297" classname="pak.MOBF_PO"/>
  <testcase name="ViewOrder" time="2.010" classname="pak.MOBF_PO"/>
  <testcase name="TestOrder3" time="0.003" classname="pak.MOBF_PO"/>
  <testcase name="UrgentOrder" time="0.070" classname="pak.MOBF_PO"/>
  <testcase name="ScrollOrder" time="34.368" classname="pak.MOBF_PO"/>
</testsuite> <!-- pak.MOBF_PO -->
