<?xml version="1.0" encoding="UTF-8"?>
<!-- Generated by org.testng.reporters.JUnitReportReporter -->
<testsuite hostname="SK-SYS-043" name="pak.MOBFMyOrder" tests="7" failures="0" timestamp="27 Jan 2016 13:07:14 GMT" time="32.523" errors="0">
  <testcase name="VIEWALL" time="7.269" classname="pak.MOBFMyOrder"/>
  <testcase name="SORTBY" time="2.409" classname="pak.MOBFMyOrder"/>
  <testcase name="DATEvalidation" time="4.541" classname="pak.MOBFMyOrder"/>
  <testcase name="QTYvalidation" time="4.444" classname="pak.MOBFMyOrder"/>
  <testcase name="ORDERvalidation" time="4.491" classname="pak.MOBFMyOrder"/>
  <testcase name="NARROWBY" time="4.930" classname="pak.MOBFMyOrder"/>
  <testcase name="PRICEvalidation" time="4.439" classname="pak.MOBFMyOrder"/>
</testsuite> <!-- pak.MOBFMyOrder -->
