<?xml version="1.0" encoding="UTF-8"?>
<!-- Generated by org.testng.reporters.JUnitReportReporter -->
<testsuite hostname="SK-SYS-043" name="pak.MOBFMyOrder" tests="7" failures="0" timestamp="28 Jan 2016 10:16:38 GMT" time="36.263" errors="0">
  <testcase name="NARROWBY" time="4.688" classname="pak.MOBFMyOrder"/>
  <testcase name="PRICEvalidation" time="4.584" classname="pak.MOBFMyOrder"/>
  <testcase name="VIEWALL" time="7.467" classname="pak.MOBFMyOrder"/>
  <testcase name="ORDERvalidation" time="4.418" classname="pak.MOBFMyOrder"/>
  <testcase name="QTYvalidation" time="4.436" classname="pak.MOBFMyOrder"/>
  <testcase name="SORTBY" time="6.258" classname="pak.MOBFMyOrder"/>
  <testcase name="DATEvalidation" time="4.412" classname="pak.MOBFMyOrder"/>
</testsuite> <!-- pak.MOBFMyOrder -->
