<?xml version="1.0" encoding="UTF-8"?>
<!-- Generated by org.testng.reporters.JUnitReportReporter -->
<testsuite hostname="SK-SYS-043" name="Test.TestSample" tests="2" failures="0" timestamp="29 Dec 2015 06:40:37 GMT" time="37.211" errors="0">
  <testcase name="ScrollOrder" time="35.218" classname="Test.TestSample"/>
  <testcase name="ViewOrder" time="1.993" classname="Test.TestSample"/>
</testsuite> <!-- Test.TestSample -->
