<?xml version="1.0" encoding="UTF-8"?>
<!-- Generated by org.testng.reporters.JUnitReportReporter -->
<testsuite hostname="SK-SYS-043" name="Test.TestSample" tests="2" failures="0" timestamp="29 Dec 2015 10:49:38 GMT" time="38.137" errors="0">
  <testcase name="ScrollOrder" time="34.945" classname="Test.TestSample"/>
  <testcase name="ViewOrder" time="3.192" classname="Test.TestSample"/>
</testsuite> <!-- Test.TestSample -->
