<?xml version="1.0" encoding="UTF-8"?>
<!-- Generated by org.testng.reporters.JUnitReportReporter -->
<testsuite hostname="SK-SYS-043" name="Test.MOBFMyOrder" tests="2" failures="0" timestamp="3 Feb 2016 10:29:23 GMT" time="105.556" errors="0">
  <testcase name="SWIPE" time="4.441" classname="Test.MOBFMyOrder"/>
  <testcase name="Scan" time="101.115" classname="Test.MOBFMyOrder"/>
</testsuite> <!-- Test.MOBFMyOrder -->
