<?xml version="1.0" encoding="UTF-8"?>
<!-- Generated by org.testng.reporters.JUnitReportReporter -->
<testsuite hostname="SK-SYS-043" name="pak.TestSwipe" tests="7" failures="0" timestamp="30 Dec 2015 05:25:31 GMT" time="60.203" errors="0">
  <testcase name="UrgentOrder" time="0.083" classname="pak.TestSwipe"/>
  <testcase name="ScrollOrder" time="35.205" classname="pak.TestSwipe"/>
  <testcase name="QTYvalidation" time="3.302" classname="pak.TestSwipe"/>
  <testcase name="ORDERvalidation" time="9.428" classname="pak.TestSwipe"/>
  <testcase name="Swipe" time="0.198" classname="pak.TestSwipe"/>
  <testcase name="PRICEvalidation" time="9.480" classname="pak.TestSwipe"/>
  <testcase name="ViewOrder" time="2.507" classname="pak.TestSwipe"/>
</testsuite> <!-- pak.TestSwipe -->
