<?xml version="1.0" encoding="UTF-8"?>
<!-- Generated by org.testng.reporters.JUnitReportReporter -->
<testsuite hostname="SK-SYS-043" name="Test.MOBFPendingOrder" tests="12" failures="0" timestamp="27 Jan 2016 12:56:07 GMT" time="94.724" errors="0">
  <testcase name="PRICEvalidation" time="4.932" classname="Test.MOBFPendingOrder"/>
  <testcase name="Navigation" time="21.016" classname="Test.MOBFPendingOrder"/>
  <testcase name="QTYvalidation" time="4.910" classname="Test.MOBFPendingOrder"/>
  <testcase name="SORTBY" time="2.938" classname="Test.MOBFPendingOrder"/>
  <testcase name="SWIPE" time="8.710" classname="Test.MOBFPendingOrder"/>
  <testcase name="OrderList" time="0.162" classname="Test.MOBFPendingOrder"/>
  <testcase name="DATEvalidation" time="5.028" classname="Test.MOBFPendingOrder"/>
  <testcase name="GetOrder" time="24.700" classname="Test.MOBFPendingOrder"/>
  <testcase name="ORDERvalidation" time="4.820" classname="Test.MOBFPendingOrder"/>
  <testcase name="NARROWBY" time="5.146" classname="Test.MOBFPendingOrder"/>
  <testcase name="ViewOrder" time="12.200" classname="Test.MOBFPendingOrder"/>
  <testcase name="UrgentOrder" time="0.162" classname="Test.MOBFPendingOrder"/>
</testsuite> <!-- Test.MOBFPendingOrder -->
