<?xml version="1.0" encoding="UTF-8"?>
<!-- Generated by org.testng.reporters.JUnitReportReporter -->
<testsuite hostname="SK-SYS-043" name="Test.MOBFCompleteOrder" tests="2" failures="0" timestamp="3 Feb 2016 10:35:07 GMT" time="19.691" errors="0">
  <testcase name="OrderCountPO" time="11.352" classname="Test.MOBFCompleteOrder"/>
  <testcase name="SWIPE" time="8.339" classname="Test.MOBFCompleteOrder"/>
</testsuite> <!-- Test.MOBFCompleteOrder -->
