<?xml version="1.0" encoding="UTF-8"?>
<!-- Generated by org.testng.reporters.JUnitReportReporter -->
<testsuite hostname="SK-SYS-043" name="Test.MOBFPendingOrder" tests="2" failures="0" timestamp="3 Feb 2016 10:35:07 GMT" time="22.491" errors="0">
  <testcase name="GetOrder" time="14.208" classname="Test.MOBFPendingOrder"/>
  <testcase name="SWIPE" time="8.283" classname="Test.MOBFPendingOrder"/>
</testsuite> <!-- Test.MOBFPendingOrder -->
