<?xml version="1.0" encoding="UTF-8"?>
<!-- Generated by org.testng.reporters.JUnitReportReporter -->
<testsuite hostname="SK-SYS-043" name="Test.Demo" tests="8" failures="0" timestamp="30 Dec 2015 13:02:24 GMT" time="86.164" errors="0">
  <testcase name="ViewOrder" time="5.952" classname="Test.Demo"/>
  <testcase name="Swipe" time="6.097" classname="Test.Demo"/>
  <testcase name="ScrollOrder" time="34.202" classname="Test.Demo"/>
  <testcase name="NARROWBY" time="17.675" classname="Test.Demo"/>
  <testcase name="QTYvalidation" time="3.315" classname="Test.Demo"/>
  <testcase name="UrgentOrder" time="0.024" classname="Test.Demo"/>
  <testcase name="PRICEvalidation" time="9.459" classname="Test.Demo"/>
  <testcase name="ORDERvalidation" time="9.440" classname="Test.Demo"/>
</testsuite> <!-- Test.Demo -->
