<?xml version="1.0" encoding="UTF-8"?>
<!-- Generated by org.testng.reporters.JUnitReportReporter -->
<testsuite hostname="SK-SYS-043" name="pak.MOBFMyOrder" tests="5" failures="0" timestamp="2 Feb 2016 13:49:54 GMT" time="97.976" errors="0">
  <testcase name="Scan" time="78.301" classname="pak.MOBFMyOrder"/>
  <testcase name="NARROWBY" time="4.757" classname="pak.MOBFMyOrder"/>
  <testcase name="SORTBY" time="6.297" classname="pak.MOBFMyOrder"/>
  <testcase name="SWIPE" time="4.314" classname="pak.MOBFMyOrder"/>
  <testcase name="VIEWALLCount" time="4.307" classname="pak.MOBFMyOrder"/>
</testsuite> <!-- pak.MOBFMyOrder -->
