<?xml version="1.0" encoding="UTF-8"?>
<!-- Generated by org.testng.reporters.JUnitReportReporter -->
<testsuite hostname="SK-SYS-043" name="pak.MOBFMyOrder" tests="7" failures="0" timestamp="1 Feb 2016 07:46:39 GMT" time="33.196" errors="0">
  <testcase name="VIEWALL" time="4.457" classname="pak.MOBFMyOrder"/>
  <testcase name="ORDERvalidation" time="4.420" classname="pak.MOBFMyOrder"/>
  <testcase name="DATEvalidation" time="4.423" classname="pak.MOBFMyOrder"/>
  <testcase name="SORTBY" time="6.264" classname="pak.MOBFMyOrder"/>
  <testcase name="NARROWBY" time="4.654" classname="pak.MOBFMyOrder"/>
  <testcase name="QTYvalidation" time="4.425" classname="pak.MOBFMyOrder"/>
  <testcase name="PRICEvalidation" time="4.553" classname="pak.MOBFMyOrder"/>
</testsuite> <!-- pak.MOBFMyOrder -->
