<?xml version="1.0" encoding="UTF-8"?>
<!-- Generated by org.testng.reporters.JUnitReportReporter -->
<testsuite hostname="SK-SYS-043" name="pak.MOBFMyOrder" tests="8" failures="0" timestamp="1 Feb 2016 12:19:33 GMT" time="57.053" errors="0">
  <testcase name="ORDERvalidation" time="4.448" classname="pak.MOBFMyOrder"/>
  <testcase name="Scan" time="23.799" classname="pak.MOBFMyOrder"/>
  <testcase name="SORTBY" time="6.256" classname="pak.MOBFMyOrder"/>
  <testcase name="QTYvalidation" time="4.437" classname="pak.MOBFMyOrder"/>
  <testcase name="PRICEvalidation" time="4.405" classname="pak.MOBFMyOrder"/>
  <testcase name="VIEWALL" time="4.462" classname="pak.MOBFMyOrder"/>
  <testcase name="DATEvalidation" time="4.575" classname="pak.MOBFMyOrder"/>
  <testcase name="NARROWBY" time="4.671" classname="pak.MOBFMyOrder"/>
</testsuite> <!-- pak.MOBFMyOrder -->
