<?xml version="1.0" encoding="UTF-8"?>
<!-- Generated by org.testng.reporters.JUnitReportReporter -->
<testsuite hostname="SK-SYS-043" name="Test.MOBFMyOrder" tests="2" failures="0" timestamp="3 Feb 2016 10:35:07 GMT" time="105.005" errors="0">
  <testcase name="Scan" time="100.631" classname="Test.MOBFMyOrder"/>
  <testcase name="SWIPE" time="4.374" classname="Test.MOBFMyOrder"/>
</testsuite> <!-- Test.MOBFMyOrder -->
