<?xml version="1.0" encoding="UTF-8"?>
<!-- Generated by org.testng.reporters.JUnitReportReporter -->
<testsuite hostname="SK-SYS-043" name="Test.MOBFCompleteOrder" tests="2" failures="0" timestamp="3 Feb 2016 10:29:23 GMT" time="19.672" errors="0">
  <testcase name="SWIPE" time="8.317" classname="Test.MOBFCompleteOrder"/>
  <testcase name="OrderCountPO" time="11.355" classname="Test.MOBFCompleteOrder"/>
</testsuite> <!-- Test.MOBFCompleteOrder -->
