<?xml version="1.0" encoding="UTF-8"?>
<!-- Generated by org.testng.reporters.JUnitReportReporter -->
<testsuite hostname="SK-SYS-043" name="pak.SamplePO" tests="12" failures="0" timestamp="27 Jan 2016 06:46:30 GMT" time="77.540" errors="0">
  <testcase name="ORDERvalidation" time="4.805" classname="pak.SamplePO"/>
  <testcase name="GetOrder" time="7.537" classname="pak.SamplePO"/>
  <testcase name="PRICEvalidation" time="4.945" classname="pak.SamplePO"/>
  <testcase name="UrgentOrder" time="0.169" classname="pak.SamplePO"/>
  <testcase name="SWIPE" time="8.709" classname="pak.SamplePO"/>
  <testcase name="QTYvalidation" time="4.915" classname="pak.SamplePO"/>
  <testcase name="DATEvalidation" time="5.027" classname="pak.SamplePO"/>
  <testcase name="OrderList" time="0.157" classname="pak.SamplePO"/>
  <testcase name="ViewOrder" time="12.205" classname="pak.SamplePO"/>
  <testcase name="NARROWBY" time="5.159" classname="pak.SamplePO"/>
  <testcase name="SORTBY" time="2.917" classname="pak.SamplePO"/>
  <testcase name="Navigation" time="20.995" classname="pak.SamplePO"/>
</testsuite> <!-- pak.SamplePO -->
