<?xml version="1.0" encoding="UTF-8"?>
<!-- Generated by org.testng.reporters.JUnitReportReporter -->
<testsuite hostname="SK-SYS-043" name="Test.DemoSwipe" tests="1" failures="0" timestamp="4 Jan 2016 09:23:37 GMT" time="18.185" errors="0">
  <testcase name="URL" time="18.185" classname="Test.DemoSwipe"/>
</testsuite> <!-- Test.DemoSwipe -->
