<?xml version="1.0" encoding="UTF-8"?>
<!-- Generated by org.testng.reporters.JUnitReportReporter -->
<testsuite hostname="SK-SYS-043" name="pak.CopyOfSample" tests="10" failures="0" timestamp="25 Jan 2016 12:42:20 GMT" time="75.289" errors="0">
  <testcase name="OrderList" time="0.223" classname="pak.CopyOfSample"/>
  <testcase name="ORDERvalidation" time="5.041" classname="pak.CopyOfSample"/>
  <testcase name="SWIPE1" time="9.421" classname="pak.CopyOfSample"/>
  <testcase name="QTYvalidation" time="5.203" classname="pak.CopyOfSample"/>
  <testcase name="PRICEvalidation" time="5.234" classname="pak.CopyOfSample"/>
  <testcase name="Navigation" time="22.104" classname="pak.CopyOfSample"/>
  <testcase name="ViewOrder" time="12.776" classname="pak.CopyOfSample"/>
  <testcase name="UrgentOrder" time="0.231" classname="pak.CopyOfSample"/>
  <testcase name="DATEvalidation" time="5.214" classname="pak.CopyOfSample"/>
  <testcase name="GetOrder" time="9.842" classname="pak.CopyOfSample"/>
</testsuite> <!-- pak.CopyOfSample -->
