<?xml version="1.0" encoding="UTF-8"?>
<!-- Generated by org.testng.reporters.JUnitReportReporter -->
<testsuite hostname="SK-SYS-043" name="pak.Demo" tests="8" failures="0" timestamp="30 Dec 2015 12:43:04 GMT" time="112.530" errors="0">
  <testcase name="NARROWBY" time="17.680" classname="pak.Demo"/>
  <testcase name="ViewOrder" time="5.969" classname="pak.Demo"/>
  <testcase name="ORDERvalidation" time="9.452" classname="pak.Demo"/>
  <testcase name="ScrollOrder" time="34.234" classname="pak.Demo"/>
  <testcase name="UrgentOrder" time="0.021" classname="pak.Demo"/>
  <testcase name="Swipe" time="32.410" classname="pak.Demo"/>
  <testcase name="PRICEvalidation" time="9.472" classname="pak.Demo"/>
  <testcase name="QTYvalidation" time="3.292" classname="pak.Demo"/>
</testsuite> <!-- pak.Demo -->
