<?xml version="1.0" encoding="UTF-8"?>
<!-- Generated by org.testng.reporters.JUnitReportReporter -->
<testsuite hostname="SK-SYS-043" name="pak.Del" tests="1" failures="0" timestamp="27 Jan 2016 06:39:12 GMT" time="0.001" errors="0">
  <testcase name="f1" time="0.001" classname="pak.Del"/>
</testsuite> <!-- pak.Del -->
