<?xml version="1.0" encoding="UTF-8"?>
<!-- Generated by org.testng.reporters.JUnitReportReporter -->
<testsuite hostname="SK-SYS-043" name="Test.MOBFMyOrder" tests="7" failures="0" timestamp="28 Jan 2016 14:09:00 GMT" time="40.515" errors="0">
  <testcase name="ORDERvalidation" time="4.546" classname="Test.MOBFMyOrder"/>
  <testcase name="NARROWBY" time="8.673" classname="Test.MOBFMyOrder"/>
  <testcase name="VIEWALL" time="7.418" classname="Test.MOBFMyOrder"/>
  <testcase name="DATEvalidation" time="4.608" classname="Test.MOBFMyOrder"/>
  <testcase name="QTYvalidation" time="4.510" classname="Test.MOBFMyOrder"/>
  <testcase name="SORTBY" time="6.259" classname="Test.MOBFMyOrder"/>
  <testcase name="PRICEvalidation" time="4.501" classname="Test.MOBFMyOrder"/>
</testsuite> <!-- Test.MOBFMyOrder -->
