<?xml version="1.0" encoding="UTF-8"?>
<!-- Generated by org.testng.reporters.JUnitReportReporter -->
<testsuite hostname="SK-SYS-043" name="Test.MOBFMyOrder" tests="7" failures="0" timestamp="27 Jan 2016 12:56:07 GMT" time="32.614" errors="0">
  <testcase name="DATEvalidation" time="4.610" classname="Test.MOBFMyOrder"/>
  <testcase name="NARROWBY" time="4.984" classname="Test.MOBFMyOrder"/>
  <testcase name="PRICEvalidation" time="4.416" classname="Test.MOBFMyOrder"/>
  <testcase name="SORTBY" time="2.279" classname="Test.MOBFMyOrder"/>
  <testcase name="QTYvalidation" time="4.446" classname="Test.MOBFMyOrder"/>
  <testcase name="VIEWALL" time="7.270" classname="Test.MOBFMyOrder"/>
  <testcase name="ORDERvalidation" time="4.609" classname="Test.MOBFMyOrder"/>
</testsuite> <!-- Test.MOBFMyOrder -->
