<?xml version="1.0" encoding="UTF-8"?>
<!-- Generated by org.testng.reporters.JUnitReportReporter -->
<testsuite hostname="SK-SYS-043" name="Test.NewSam" tests="2" failures="0" timestamp="30 Dec 2015 12:32:15 GMT" time="29.322" errors="0">
  <testcase name="ScrollOrder" time="5.906" classname="Test.NewSam"/>
  <testcase name="NARROW" time="23.416" classname="Test.NewSam"/>
</testsuite> <!-- Test.NewSam -->
